{
  "stats": {
    "suites": 1,
    "tests": 1,
    "passes": 0,
    "pending": 0,
    "failures": 1,
    "start": "2020-10-19T18:36:45.699Z",
    "end": "2020-10-19T18:37:09.790Z",
    "duration": 24091,
    "testsRegistered": 1,
    "passPercent": 0,
    "pendingPercent": 0,
    "other": 0,
    "hasOther": false,
    "skipped": 0,
    "hasSkipped": false
  },
  "results": [
    {
      "uuid": "343e3046-1fdf-4f01-b41e-fe0faa65eb71",
      "title": "",
      "fullFile": "cypress\\integration\\ProjetoPageObjects.spec.js",
      "file": "cypress\\integration\\ProjetoPageObjects.spec.js",
      "beforeHooks": [],
      "afterHooks": [],
      "tests": [],
      "suites": [
        {
          "uuid": "9280aaec-3140-4afe-8037-c8d8651330a3",
          "title": "Cadastrando Atendidos",
          "fullFile": "",
          "file": "",
          "beforeHooks": [],
          "afterHooks": [],
          "tests": [
            {
              "title": "Cadastrar Atendidos",
              "fullTitle": "Cadastrando Atendidos Cadastrar Atendidos",
              "timedOut": null,
              "duration": 19758,
              "state": "failed",
              "speed": null,
              "pass": false,
              "fail": true,
              "pending": false,
              "context": null,
              "code": "_Projeto[\"default\"].abrirUrlProjeto();\n_Projeto[\"default\"].dadosBasicos();\n_Projeto[\"default\"].preencherDadosProjeto();",
              "err": {
                "message": "AssertionError: Timed out retrying: Expected to find element: `[data-cy=nome-responsavel]`, but never found it.",
                "estack": "AssertionError: Timed out retrying: Expected to find element: `[data-cy=nome-responsavel]`, but never found it.\n    at Projeto.preencherDadosProjeto (https://app.bussolasocial.com.br/__cypress/tests?p=cypress\\integration\\ProjetoPageObjects.spec.js:228:10)\n    at Context.eval (https://app.bussolasocial.com.br/__cypress/tests?p=cypress\\integration\\ProjetoPageObjects.spec.js:173:25)",
                "diff": null
              },
              "uuid": "d28bf2f3-e49f-4fe7-ac08-78e7dd739dba",
              "parentUUID": "9280aaec-3140-4afe-8037-c8d8651330a3",
              "isHook": false,
              "skipped": false
            }
          ],
          "suites": [],
          "passes": [],
          "failures": [
            "d28bf2f3-e49f-4fe7-ac08-78e7dd739dba"
          ],
          "pending": [],
          "skipped": [],
          "duration": 19758,
          "root": false,
          "rootEmpty": false,
          "_timeout": 2000
        }
      ],
      "passes": [],
      "failures": [],
      "pending": [],
      "skipped": [],
      "duration": 0,
      "root": true,
      "rootEmpty": true,
      "_timeout": 2000
    }
  ],
  "meta": {
    "mocha": {
      "version": "7.0.1"
    },
    "mochawesome": {
      "options": {
        "quiet": false,
        "reportFilename": "mochawesome",
        "saveHtml": true,
        "saveJson": true,
        "consoleReporter": "spec",
        "useInlineDiffs": false,
        "code": true
      },
      "version": "6.1.1"
    },
    "marge": {
      "options": {
        "id": "default",
        "reportDir": "cypress/reports/mocha",
        "quite": true,
        "overwrite": false,
        "html": true,
        "json": true
      },
      "version": "5.1.0"
    }
  }
}