{
  "stats": {
    "suites": 1,
    "tests": 3,
    "passes": 2,
    "pending": 0,
    "failures": 1,
    "start": "2020-10-19T18:38:41.891Z",
    "end": "2020-10-19T18:38:51.772Z",
    "duration": 9881,
    "testsRegistered": 3,
    "passPercent": 66.66666666666666,
    "pendingPercent": 0,
    "other": 0,
    "hasOther": false,
    "skipped": 0,
    "hasSkipped": false
  },
  "results": [
    {
      "uuid": "345e2ba3-69fb-4298-bccf-e16609fa929e",
      "title": "",
      "fullFile": "cypress\\integration\\QAM\\TC08_api.spec.js",
      "file": "cypress\\integration\\QAM\\TC08_api.spec.js",
      "beforeHooks": [],
      "afterHooks": [],
      "tests": [],
      "suites": [
        {
          "uuid": "d2f806ce-2149-4501-b6b6-76094b14eec2",
          "title": "API Testing",
          "fullFile": "",
          "file": "",
          "beforeHooks": [],
          "afterHooks": [],
          "tests": [
            {
              "title": "GET - read",
              "fullTitle": "API Testing GET - read",
              "timedOut": null,
              "duration": 238,
              "state": "passed",
              "speed": "slow",
              "pass": true,
              "fail": false,
              "pending": false,
              "context": null,
              "code": "cy.request('/employees').then(function (response) {\n  expect(response).to.have.property('status', 200);\n  expect(response.body).to.not.be[\"null\"];\n  expect(response.body.data).to.have.length(24);\n});",
              "err": {},
              "uuid": "ba08c472-0e04-4f5b-94c3-d4633257dea7",
              "parentUUID": "d2f806ce-2149-4501-b6b6-76094b14eec2",
              "isHook": false,
              "skipped": false
            },
            {
              "title": "POST - create",
              "fullTitle": "API Testing POST - create",
              "timedOut": null,
              "duration": 597,
              "state": "passed",
              "speed": "slow",
              "pass": true,
              "fail": false,
              "pending": false,
              "context": null,
              "code": "var item = {\n  \"name\": \"test\",\n  \"salary\": \"123\",\n  \"age\": \"23\"\n};\ncy.request('POST', '/create', item).its('body').its('data') // .should('deep.eq', item)\n.should('include', {\n  name: 'test'\n});",
              "err": {},
              "uuid": "7c90951c-fefe-4286-af12-da3e0ed3cf05",
              "parentUUID": "d2f806ce-2149-4501-b6b6-76094b14eec2",
              "isHook": false,
              "skipped": false
            },
            {
              "title": "PUT - update",
              "fullTitle": "API Testing PUT - update",
              "timedOut": null,
              "duration": 8941,
              "state": "failed",
              "speed": null,
              "pass": false,
              "fail": true,
              "pending": false,
              "context": null,
              "code": "var item = {\n  \"name\": \"test1\"\n};\ncy.request({\n  method: 'PUT',\n  url: '/update/1',\n  body: item,\n  failOnStatusCode: false\n}).its('status').should('eq', 401);",
              "err": {
                "message": "AssertionError: Timed out retrying: expected 200 to equal 401",
                "estack": "AssertionError: Timed out retrying: expected 200 to equal 401\n    at Context.eval (https://react-redux.realworld.io/__cypress/tests?p=cypress\\integration\\QAM\\TC08_api.spec.js:128:22)",
                "diff": "- 200\n+ 401\n"
              },
              "uuid": "ebcf09d6-68ec-430c-a16d-dbaffce7101d",
              "parentUUID": "d2f806ce-2149-4501-b6b6-76094b14eec2",
              "isHook": false,
              "skipped": false
            }
          ],
          "suites": [],
          "passes": [
            "ba08c472-0e04-4f5b-94c3-d4633257dea7",
            "7c90951c-fefe-4286-af12-da3e0ed3cf05"
          ],
          "failures": [
            "ebcf09d6-68ec-430c-a16d-dbaffce7101d"
          ],
          "pending": [],
          "skipped": [],
          "duration": 9776,
          "root": false,
          "rootEmpty": false,
          "_timeout": 2000
        }
      ],
      "passes": [],
      "failures": [],
      "pending": [],
      "skipped": [],
      "duration": 0,
      "root": true,
      "rootEmpty": true,
      "_timeout": 2000
    }
  ],
  "meta": {
    "mocha": {
      "version": "7.0.1"
    },
    "mochawesome": {
      "options": {
        "quiet": false,
        "reportFilename": "mochawesome",
        "saveHtml": true,
        "saveJson": true,
        "consoleReporter": "spec",
        "useInlineDiffs": false,
        "code": true
      },
      "version": "6.1.1"
    },
    "marge": {
      "options": {
        "id": "default",
        "reportDir": "cypress/reports/mocha",
        "quite": true,
        "overwrite": false,
        "html": true,
        "json": true
      },
      "version": "5.1.0"
    }
  }
}