{
  "stats": {
    "suites": 1,
    "tests": 1,
    "passes": 1,
    "pending": 0,
    "failures": 0,
    "start": "2020-10-21T21:11:19.884Z",
    "end": "2020-10-21T21:11:39.179Z",
    "duration": 19295,
    "testsRegistered": 1,
    "passPercent": 100,
    "pendingPercent": 0,
    "other": 0,
    "hasOther": false,
    "skipped": 0,
    "hasSkipped": false
  },
  "results": [
    {
      "uuid": "4b63e77c-8de3-4e1d-ab41-2d0c0b9123cb",
      "title": "",
      "fullFile": "cypress\\integration\\Cadastro de Projetos\\CadastrarProjeto.spec.js",
      "file": "cypress\\integration\\Cadastro de Projetos\\CadastrarProjeto.spec.js",
      "beforeHooks": [],
      "afterHooks": [],
      "tests": [],
      "suites": [
        {
          "uuid": "8145c219-202f-49f6-a8b0-ef982bd778e4",
          "title": "Cadastrar Um Novo Projeto",
          "fullFile": "",
          "file": "",
          "beforeHooks": [],
          "afterHooks": [],
          "tests": [
            {
              "title": "Cadastrar objetivos",
              "fullTitle": "Cadastrar Um Novo Projeto Cadastrar objetivos",
              "timedOut": null,
              "duration": 15700,
              "state": "passed",
              "speed": "slow",
              "pass": true,
              "fail": false,
              "pending": false,
              "context": null,
              "code": "cy.visit(\"https://app.bussolasocial.com.br/projeto-novo/6535/cadastro/objetivos\");\n_Projeto[\"default\"].PreencherObjetivosDoProjeto();",
              "err": {},
              "uuid": "4e17eab1-9f06-4f39-a3bf-1ecdfad41de3",
              "parentUUID": "8145c219-202f-49f6-a8b0-ef982bd778e4",
              "isHook": false,
              "skipped": false
            }
          ],
          "suites": [],
          "passes": [
            "4e17eab1-9f06-4f39-a3bf-1ecdfad41de3"
          ],
          "failures": [],
          "pending": [],
          "skipped": [],
          "duration": 15700,
          "root": false,
          "rootEmpty": false,
          "_timeout": 2000
        }
      ],
      "passes": [],
      "failures": [],
      "pending": [],
      "skipped": [],
      "duration": 0,
      "root": true,
      "rootEmpty": true,
      "_timeout": 2000
    }
  ],
  "meta": {
    "mocha": {
      "version": "7.0.1"
    },
    "mochawesome": {
      "options": {
        "quiet": false,
        "reportFilename": "mochawesome",
        "saveHtml": false,
        "saveJson": true,
        "consoleReporter": "spec",
        "useInlineDiffs": false,
        "code": true
      },
      "version": "6.1.1"
    },
    "marge": {
      "options": {
        "id": "default",
        "reportDir": "cypress/reports/mocha",
        "quite": true,
        "overwrite": false,
        "html": false,
        "json": true
      },
      "version": "5.1.0"
    }
  }
}