{
  "stats": {
    "suites": 1,
    "tests": 2,
    "passes": 1,
    "pending": 0,
    "failures": 1,
    "start": "2020-10-19T02:00:17.976Z",
    "end": "2020-10-19T02:00:22.687Z",
    "duration": 4711,
    "testsRegistered": 2,
    "passPercent": 50,
    "pendingPercent": 0,
    "other": 0,
    "hasOther": false,
    "skipped": 0,
    "hasSkipped": false
  },
  "results": [
    {
      "uuid": "4ea1dee9-6416-4bae-928c-1275f6d22755",
      "title": "",
      "fullFile": "cypress\\integration\\QAM\\TC11_readWriteFile.spec.js",
      "file": "cypress\\integration\\QAM\\TC11_readWriteFile.spec.js",
      "beforeHooks": [],
      "afterHooks": [],
      "tests": [],
      "suites": [
        {
          "uuid": "4e20bd07-0313-4faf-a540-4be3d6925974",
          "title": "Read-Write files content",
          "fullFile": "",
          "file": "",
          "beforeHooks": [],
          "afterHooks": [],
          "tests": [
            {
              "title": "Write to a file",
              "fullTitle": "Read-Write files content Write to a file",
              "timedOut": null,
              "duration": 75,
              "state": "passed",
              "speed": "medium",
              "pass": true,
              "fail": false,
              "pending": false,
              "context": null,
              "code": "cy.writeFile('sampleFile.txt', 'Hello World\\n');\ncy.writeFile('sampleFile.txt', 'I am Bushra', {\n  flag: 'a+'\n});",
              "err": {},
              "uuid": "111b7d66-aeaa-41c7-85eb-89977ab00593",
              "parentUUID": "4e20bd07-0313-4faf-a540-4be3d6925974",
              "isHook": false,
              "skipped": false
            },
            {
              "title": "Read from a file",
              "fullTitle": "Read-Write files content Read from a file",
              "timedOut": null,
              "duration": 4605,
              "state": "failed",
              "speed": null,
              "pass": false,
              "fail": true,
              "pending": false,
              "context": null,
              "code": "cy.readFile('sampleFile').should('contains', 'Hello World');",
              "err": {
                "message": "CypressError: Timed out retrying: cy.readFile(\"sampleFile\") failed because the file does not exist at the following path:\n\nC:\\Users\\rondineleg\\3D Objects\\Bs\\a\\Cypress\\sampleFile",
                "estack": "CypressError: Timed out retrying: cy.readFile(\"sampleFile\") failed because the file does not exist at the following path:\n\nC:\\Users\\rondineleg\\3D Objects\\Bs\\a\\Cypress\\sampleFile\n    at Object.cypressErr (https://react-redux.realworld.io/__cypress/runner/cypress_runner.js:86207:11)\n    at Object.throwErr (https://react-redux.realworld.io/__cypress/runner/cypress_runner.js:86162:18)\n    at Object.throwErrByPath (https://react-redux.realworld.io/__cypress/runner/cypress_runner.js:86194:17)\n    at retry (https://react-redux.realworld.io/__cypress/runner/cypress_runner.js:76849:16)\n    at onFailFn (https://react-redux.realworld.io/__cypress/runner/cypress_runner.js:65634:16)\n    at tryCatcher (https://react-redux.realworld.io/__cypress/runner/cypress_runner.js:120203:23)\n    at Promise._settlePromiseFromHandler (https://react-redux.realworld.io/__cypress/runner/cypress_runner.js:118139:31)\n    at Promise._settlePromise (https://react-redux.realworld.io/__cypress/runner/cypress_runner.js:118196:18)\n    at Promise._settlePromise0 (https://react-redux.realworld.io/__cypress/runner/cypress_runner.js:118241:10)\n    at Promise._settlePromises (https://react-redux.realworld.io/__cypress/runner/cypress_runner.js:118316:18)\n    at Async../node_modules/bluebird/js/release/async.js.Async._drainQueue (https://react-redux.realworld.io/__cypress/runner/cypress_runner.js:114928:16)\n    at Async../node_modules/bluebird/js/release/async.js.Async._drainQueues (https://react-redux.realworld.io/__cypress/runner/cypress_runner.js:114938:10)\n    at Async.drainQueues (https://react-redux.realworld.io/__cypress/runner/cypress_runner.js:114812:14)",
                "diff": null
              },
              "uuid": "832a3431-46ec-43dc-b391-d5805674564d",
              "parentUUID": "4e20bd07-0313-4faf-a540-4be3d6925974",
              "isHook": false,
              "skipped": false
            }
          ],
          "suites": [],
          "passes": [
            "111b7d66-aeaa-41c7-85eb-89977ab00593"
          ],
          "failures": [
            "832a3431-46ec-43dc-b391-d5805674564d"
          ],
          "pending": [],
          "skipped": [],
          "duration": 4680,
          "root": false,
          "rootEmpty": false,
          "_timeout": 2000
        }
      ],
      "passes": [],
      "failures": [],
      "pending": [],
      "skipped": [],
      "duration": 0,
      "root": true,
      "rootEmpty": true,
      "_timeout": 2000
    }
  ],
  "meta": {
    "mocha": {
      "version": "7.2.0"
    },
    "mochawesome": {
      "options": {
        "quiet": false,
        "reportFilename": "mochawesome",
        "saveHtml": false,
        "saveJson": true,
        "consoleReporter": "spec",
        "useInlineDiffs": false,
        "code": true
      },
      "version": "6.1.1"
    },
    "marge": {
      "options": {
        "id": "default",
        "reportDir": "cypress/reports/mocha",
        "quite": true,
        "overwrite": false,
        "html": false,
        "json": true
      },
      "version": "5.1.0"
    }
  }
}