{
  "stats": {
    "suites": 1,
    "tests": 1,
    "passes": 1,
    "pending": 0,
    "failures": 0,
    "start": "2020-10-19T02:00:06.010Z",
    "end": "2020-10-19T02:00:08.243Z",
    "duration": 2233,
    "testsRegistered": 1,
    "passPercent": 100,
    "pendingPercent": 0,
    "other": 0,
    "hasOther": false,
    "skipped": 0,
    "hasSkipped": false
  },
  "results": [
    {
      "uuid": "d7ab8723-cedd-4e8c-9d11-184153f5bbba",
      "title": "",
      "fullFile": "cypress\\integration\\QAM\\TC09_pom.spec.js",
      "file": "cypress\\integration\\QAM\\TC09_pom.spec.js",
      "beforeHooks": [],
      "afterHooks": [],
      "tests": [],
      "suites": [
        {
          "uuid": "4609415b-0243-47ee-9363-1b504666d887",
          "title": "Login",
          "fullFile": "",
          "file": "",
          "beforeHooks": [],
          "afterHooks": [],
          "tests": [
            {
              "title": "Sign in",
              "fullTitle": "Login Sign in",
              "timedOut": null,
              "duration": 2182,
              "state": "passed",
              "speed": "slow",
              "pass": true,
              "fail": false,
              "pending": false,
              "context": null,
              "code": "cy.visit('https://react-redux.realworld.io/#/login');\nlogin.email().type('qamilestone.academy@gmail.com');\nlogin.password().type('admin123');\nlogin.signInButton().should('be.visible').click();",
              "err": {},
              "uuid": "af47fd86-7f4f-4b63-9903-cae9ad7fbf3f",
              "parentUUID": "4609415b-0243-47ee-9363-1b504666d887",
              "isHook": false,
              "skipped": false
            }
          ],
          "suites": [],
          "passes": [
            "af47fd86-7f4f-4b63-9903-cae9ad7fbf3f"
          ],
          "failures": [],
          "pending": [],
          "skipped": [],
          "duration": 2182,
          "root": false,
          "rootEmpty": false,
          "_timeout": 2000
        }
      ],
      "passes": [],
      "failures": [],
      "pending": [],
      "skipped": [],
      "duration": 0,
      "root": true,
      "rootEmpty": true,
      "_timeout": 2000
    }
  ],
  "meta": {
    "mocha": {
      "version": "7.2.0"
    },
    "mochawesome": {
      "options": {
        "quiet": false,
        "reportFilename": "mochawesome",
        "saveHtml": false,
        "saveJson": true,
        "consoleReporter": "spec",
        "useInlineDiffs": false,
        "code": true
      },
      "version": "6.1.1"
    },
    "marge": {
      "options": {
        "id": "default",
        "reportDir": "cypress/reports/mocha",
        "quite": true,
        "overwrite": false,
        "html": false,
        "json": true
      },
      "version": "5.1.0"
    }
  }
}