{
  "stats": {
    "suites": 1,
    "tests": 2,
    "passes": 1,
    "pending": 0,
    "failures": 1,
    "start": "2020-10-19T18:38:59.992Z",
    "end": "2020-10-19T18:39:08.506Z",
    "duration": 8514,
    "testsRegistered": 2,
    "passPercent": 50,
    "pendingPercent": 0,
    "other": 0,
    "hasOther": false,
    "skipped": 0,
    "hasSkipped": false
  },
  "results": [
    {
      "uuid": "4b46863d-8065-4c5a-a6e2-8a2a53feaae2",
      "title": "",
      "fullFile": "cypress\\integration\\QAM\\TC11_readWriteFile.spec.js",
      "file": "cypress\\integration\\QAM\\TC11_readWriteFile.spec.js",
      "beforeHooks": [],
      "afterHooks": [],
      "tests": [],
      "suites": [
        {
          "uuid": "2bd2cd46-2b12-4f9c-9cba-48d0047d33e6",
          "title": "Read-Write files content",
          "fullFile": "",
          "file": "",
          "beforeHooks": [],
          "afterHooks": [],
          "tests": [
            {
              "title": "Write to a file",
              "fullTitle": "Read-Write files content Write to a file",
              "timedOut": null,
              "duration": 69,
              "state": "passed",
              "speed": "medium",
              "pass": true,
              "fail": false,
              "pending": false,
              "context": null,
              "code": "cy.writeFile('sampleFile.txt', 'Hello World\\n');\ncy.writeFile('sampleFile.txt', 'I am Bushra', {\n  flag: 'a+'\n});",
              "err": {},
              "uuid": "e603a2e2-4240-4b5f-af23-682d0300aa0e",
              "parentUUID": "2bd2cd46-2b12-4f9c-9cba-48d0047d33e6",
              "isHook": false,
              "skipped": false
            },
            {
              "title": "Read from a file",
              "fullTitle": "Read-Write files content Read from a file",
              "timedOut": null,
              "duration": 8339,
              "state": "failed",
              "speed": null,
              "pass": false,
              "fail": true,
              "pending": false,
              "context": null,
              "code": "cy.readFile('sampleFile').should('contains', 'Hello World');",
              "err": {
                "message": "AssertionError: Timed out retrying: `cy.readFile(\"sampleFile\")` failed because the file does not exist at the following path:\n\n`C:\\Users\\rondineleg\\3D Objects\\Bs\\sampleFile`\n\nhttps://on.cypress.io/readfile",
                "estack": "AssertionError: Timed out retrying: `cy.readFile(\"sampleFile\")` failed because the file does not exist at the following path:\n\n`C:\\Users\\rondineleg\\3D Objects\\Bs\\sampleFile`\n\nhttps://on.cypress.io/readfile\n    at Context.eval (https://react-redux.realworld.io/__cypress/tests?p=cypress\\integration\\QAM\\TC11_readWriteFile.spec.js:107:31)",
                "diff": null
              },
              "uuid": "141b2b1c-c778-436b-8d85-629ad13cfc9b",
              "parentUUID": "2bd2cd46-2b12-4f9c-9cba-48d0047d33e6",
              "isHook": false,
              "skipped": false
            }
          ],
          "suites": [],
          "passes": [
            "e603a2e2-4240-4b5f-af23-682d0300aa0e"
          ],
          "failures": [
            "141b2b1c-c778-436b-8d85-629ad13cfc9b"
          ],
          "pending": [],
          "skipped": [],
          "duration": 8408,
          "root": false,
          "rootEmpty": false,
          "_timeout": 2000
        }
      ],
      "passes": [],
      "failures": [],
      "pending": [],
      "skipped": [],
      "duration": 0,
      "root": true,
      "rootEmpty": true,
      "_timeout": 2000
    }
  ],
  "meta": {
    "mocha": {
      "version": "7.0.1"
    },
    "mochawesome": {
      "options": {
        "quiet": false,
        "reportFilename": "mochawesome",
        "saveHtml": true,
        "saveJson": true,
        "consoleReporter": "spec",
        "useInlineDiffs": false,
        "code": true
      },
      "version": "6.1.1"
    },
    "marge": {
      "options": {
        "id": "default",
        "reportDir": "cypress/reports/mocha",
        "quite": true,
        "overwrite": false,
        "html": true,
        "json": true
      },
      "version": "5.1.0"
    }
  }
}