{
  "stats": {
    "suites": 1,
    "tests": 3,
    "passes": 2,
    "pending": 0,
    "failures": 1,
    "start": "2020-10-19T18:37:17.238Z",
    "end": "2020-10-19T18:37:28.460Z",
    "duration": 11222,
    "testsRegistered": 3,
    "passPercent": 66.66666666666666,
    "pendingPercent": 0,
    "other": 0,
    "hasOther": false,
    "skipped": 0,
    "hasSkipped": false
  },
  "results": [
    {
      "uuid": "33bc5f3b-96c3-483b-90fb-f451e9e402be",
      "title": "",
      "fullFile": "cypress\\integration\\QAM\\TC02_url.spec.js",
      "file": "cypress\\integration\\QAM\\TC02_url.spec.js",
      "beforeHooks": [],
      "afterHooks": [],
      "tests": [],
      "suites": [
        {
          "uuid": "a4234156-8d22-4695-807b-91051383611f",
          "title": "Create and mark-unmark as favorite",
          "fullFile": "",
          "file": "",
          "beforeHooks": [],
          "afterHooks": [],
          "tests": [
            {
              "title": "Sign in",
              "fullTitle": "Create and mark-unmark as favorite Sign in",
              "timedOut": null,
              "duration": 1690,
              "state": "passed",
              "speed": "slow",
              "pass": true,
              "fail": false,
              "pending": false,
              "context": null,
              "code": "cy.visit('https://react-redux.realworld.io/#/login');\ncy.title().should('eq', 'Conduit');\ncy.location('protocol').should('eq', 'https:');\ncy.get('input[type=\"email\"]').type('qamilestone.academy@gmail.com');\ncy.get('input[type=\"password\"]').type('admin123');\ncy.get('.btn').contains('Sign in').should('be.visible').click();\ncy.contains('Your Feed', {\n  timeout: 10000\n}).should('be.visible');",
              "err": {},
              "uuid": "a531b849-0e51-45da-a7b8-d6e971925d47",
              "parentUUID": "a4234156-8d22-4695-807b-91051383611f",
              "isHook": false,
              "skipped": false
            },
            {
              "title": "Create a post",
              "fullTitle": "Create and mark-unmark as favorite Create a post",
              "timedOut": null,
              "duration": 1043,
              "state": "passed",
              "speed": "slow",
              "pass": true,
              "fail": false,
              "pending": false,
              "context": null,
              "code": "cy.contains('New Post').click();\ncy.hash().should('include', '#/editor'); //cy.location('hash').should('include','#/editor')\ncy.get('input[placeholder=\"Article Title\"]').type('Test');\ncy.get('input[placeholder=\"What\\'s this article about?\"]').type('Test 1');\ncy.get('textarea[placeholder=\"Write your article (in markdown)\"]').type('Test 2');\ncy.contains('Publish Article').click();\ncy.url().should('include', 'article');",
              "err": {},
              "uuid": "73618be6-1c35-4e66-87f1-fa52f7712c71",
              "parentUUID": "a4234156-8d22-4695-807b-91051383611f",
              "isHook": false,
              "skipped": false
            },
            {
              "title": "Mark-unmark as favorite",
              "fullTitle": "Create and mark-unmark as favorite Mark-unmark as favorite",
              "timedOut": null,
              "duration": 8369,
              "state": "failed",
              "speed": null,
              "pass": false,
              "fail": true,
              "pending": false,
              "context": null,
              "code": "cy.get('.nav-link').contains('QAMs').click();\ncy.contains('My Articles').should('be.visible');\ncy.get('.ion-heart').click();\ncy.contains('Favorited Articles').click();\ncy.url().should('include', 'favorites');\ncy.get('.ion-heart').click();\ncy.reload();\ncy.contains('No articles are here... yet.').should('be.visible');\ncy.go('back'); //cy.go(-1)\n//cy.go('forward')\n//cy.go(1)",
              "err": {
                "message": "AssertionError: Timed out retrying: Expected to find content: 'QAMs' within the element: [ <a.nav-link>, 3 more... ] but never did.",
                "estack": "AssertionError: Timed out retrying: Expected to find content: 'QAMs' within the element: [ <a.nav-link>, 3 more... ] but never did.\n    at Context.eval (https://react-redux.realworld.io/__cypress/tests?p=cypress\\integration\\QAM\\TC02_url.spec.js:122:25)",
                "diff": null
              },
              "uuid": "ac5d40ea-6945-4681-ae4b-6a14a2ff6a34",
              "parentUUID": "a4234156-8d22-4695-807b-91051383611f",
              "isHook": false,
              "skipped": false
            }
          ],
          "suites": [],
          "passes": [
            "a531b849-0e51-45da-a7b8-d6e971925d47",
            "73618be6-1c35-4e66-87f1-fa52f7712c71"
          ],
          "failures": [
            "ac5d40ea-6945-4681-ae4b-6a14a2ff6a34"
          ],
          "pending": [],
          "skipped": [],
          "duration": 11102,
          "root": false,
          "rootEmpty": false,
          "_timeout": 2000
        }
      ],
      "passes": [],
      "failures": [],
      "pending": [],
      "skipped": [],
      "duration": 0,
      "root": true,
      "rootEmpty": true,
      "_timeout": 2000
    }
  ],
  "meta": {
    "mocha": {
      "version": "7.0.1"
    },
    "mochawesome": {
      "options": {
        "quiet": false,
        "reportFilename": "mochawesome",
        "saveHtml": true,
        "saveJson": true,
        "consoleReporter": "spec",
        "useInlineDiffs": false,
        "code": true
      },
      "version": "6.1.1"
    },
    "marge": {
      "options": {
        "id": "default",
        "reportDir": "cypress/reports/mocha",
        "quite": true,
        "overwrite": false,
        "html": true,
        "json": true
      },
      "version": "5.1.0"
    }
  }
}