{
  "stats": {
    "suites": 1,
    "tests": 5,
    "passes": 1,
    "pending": 0,
    "failures": 4,
    "start": "2020-10-21T21:12:20.513Z",
    "end": "2020-10-21T21:13:18.434Z",
    "duration": 57921,
    "testsRegistered": 5,
    "passPercent": 20,
    "pendingPercent": 0,
    "other": 0,
    "hasOther": false,
    "skipped": 0,
    "hasSkipped": false
  },
  "results": [
    {
      "uuid": "91e35304-96ce-44ef-8689-7453cfbc0bd3",
      "title": "",
      "fullFile": "cypress\\integration\\Tests\\TiposDeLogin.spec.js",
      "file": "cypress\\integration\\Tests\\TiposDeLogin.spec.js",
      "beforeHooks": [],
      "afterHooks": [],
      "tests": [],
      "suites": [
        {
          "uuid": "08e00f88-6ff1-4756-94d1-838be513415e",
          "title": "Fazer Login",
          "fullFile": "",
          "file": "",
          "beforeHooks": [],
          "afterHooks": [],
          "tests": [
            {
              "title": "Teste",
              "fullTitle": "Fazer Login Teste",
              "timedOut": null,
              "duration": 7424,
              "state": "passed",
              "speed": "slow",
              "pass": true,
              "fail": false,
              "pending": false,
              "context": null,
              "code": "cy.viewport(1366, 625);\ncy.visit('https://app.bussolasocial.com.br/projeto-novo/cadastro');\ncy.xpath('//*[@id=\"responsavel[nome]\"]').click();\ncy.xpath('//*[@id=\"responsavel[nome]\"]').type('Ola');",
              "err": {},
              "uuid": "dbfd8f7a-245a-44a9-9d55-b87223bb7a75",
              "parentUUID": "08e00f88-6ff1-4756-94d1-838be513415e",
              "isHook": false,
              "skipped": false
            },
            {
              "title": "Login usando dados na Fixture",
              "fullTitle": "Fazer Login Login usando dados na Fixture",
              "timedOut": null,
              "duration": 4741,
              "state": "failed",
              "speed": null,
              "pass": false,
              "fail": true,
              "pending": false,
              "context": null,
              "code": "cy.visit(this.data.url);\ncy.get('#email').type(this.data.email);\ncy.get('#senha').type(this.data.senha);\ncy.get('.btn').contains('Entrar').click();",
              "err": {
                "message": "TypeError: Cannot read property 'url' of undefined",
                "estack": "TypeError: Cannot read property 'url' of undefined\n    at Context.eval (https://app.bussolasocial.com.br/__cypress/tests?p=cypress\\integration\\Tests\\TiposDeLogin.spec.js:208:24)",
                "diff": null
              },
              "uuid": "e3ce70a7-9908-4d71-b7b8-7e08d65412e4",
              "parentUUID": "08e00f88-6ff1-4756-94d1-838be513415e",
              "isHook": false,
              "skipped": false
            },
            {
              "title": "Usando Page Objects",
              "fullTitle": "Fazer Login Usando Page Objects",
              "timedOut": null,
              "duration": 13738,
              "state": "failed",
              "speed": null,
              "pass": false,
              "fail": true,
              "pending": false,
              "context": null,
              "code": "_Login[\"default\"].abrirUrl();\n_Login[\"default\"].preencherDadosLogin();\n_Perfil[\"default\"].preencherDados();",
              "err": {
                "message": "AssertionError: Timed out retrying: Expected to find element: `#email`, but never found it.",
                "estack": "AssertionError: Timed out retrying: Expected to find element: `#email`, but never found it.\n    at Login.preencherDadosLogin (https://app.bussolasocial.com.br/__cypress/tests?p=cypress\\integration\\Tests\\TiposDeLogin.spec.js:270:10)\n    at Context.eval (https://app.bussolasocial.com.br/__cypress/tests?p=cypress\\integration\\Tests\\TiposDeLogin.spec.js:216:23)",
                "diff": null
              },
              "uuid": "96a6d2b0-d5da-4893-a0b1-a2bd14fd48cb",
              "parentUUID": "08e00f88-6ff1-4756-94d1-838be513415e",
              "isHook": false,
              "skipped": false
            },
            {
              "title": "Login usando dados na ENV",
              "fullTitle": "Fazer Login Login usando dados na ENV",
              "timedOut": null,
              "duration": 13589,
              "state": "failed",
              "speed": null,
              "pass": false,
              "fail": true,
              "pending": false,
              "context": null,
              "code": "_Login[\"default\"].abrirUrl();\ncy.get('#email').type(Cypress.env('email'));\ncy.get('#senha').type(Cypress.env('senha'));\ncy.get('.btn').contains('Entrar').click();",
              "err": {
                "message": "AssertionError: Timed out retrying: Expected to find element: `#email`, but never found it.",
                "estack": "AssertionError: Timed out retrying: Expected to find element: `#email`, but never found it.\n    at Context.eval (https://app.bussolasocial.com.br/__cypress/tests?p=cypress\\integration\\Tests\\TiposDeLogin.spec.js:223:8)",
                "diff": null
              },
              "uuid": "db3d0b22-2cea-4862-801c-8938beff9984",
              "parentUUID": "08e00f88-6ff1-4756-94d1-838be513415e",
              "isHook": false,
              "skipped": false
            },
            {
              "title": "Custom comands",
              "fullTitle": "Fazer Login Custom comands",
              "timedOut": null,
              "duration": 14636,
              "state": "failed",
              "speed": null,
              "pass": false,
              "fail": true,
              "pending": false,
              "context": null,
              "code": "cy.login();",
              "err": {
                "message": "AssertionError: Timed out retrying: Expected to find element: `#email`, but never found it.",
                "estack": "AssertionError: Timed out retrying: Expected to find element: `#email`, but never found it.\n    at Context.eval (https://app.bussolasocial.com.br/__cypress/tests?p=cypress\\support\\index.js:34931:6)",
                "diff": null
              },
              "uuid": "00cb0f0a-703b-4faf-9bb6-d3de1caed6e0",
              "parentUUID": "08e00f88-6ff1-4756-94d1-838be513415e",
              "isHook": false,
              "skipped": false
            }
          ],
          "suites": [],
          "passes": [
            "dbfd8f7a-245a-44a9-9d55-b87223bb7a75"
          ],
          "failures": [
            "e3ce70a7-9908-4d71-b7b8-7e08d65412e4",
            "96a6d2b0-d5da-4893-a0b1-a2bd14fd48cb",
            "db3d0b22-2cea-4862-801c-8938beff9984",
            "00cb0f0a-703b-4faf-9bb6-d3de1caed6e0"
          ],
          "pending": [],
          "skipped": [],
          "duration": 54128,
          "root": false,
          "rootEmpty": false,
          "_timeout": 2000
        }
      ],
      "passes": [],
      "failures": [],
      "pending": [],
      "skipped": [],
      "duration": 0,
      "root": true,
      "rootEmpty": true,
      "_timeout": 2000
    }
  ],
  "meta": {
    "mocha": {
      "version": "7.0.1"
    },
    "mochawesome": {
      "options": {
        "quiet": false,
        "reportFilename": "mochawesome",
        "saveHtml": false,
        "saveJson": true,
        "consoleReporter": "spec",
        "useInlineDiffs": false,
        "code": true
      },
      "version": "6.1.1"
    },
    "marge": {
      "options": {
        "id": "default",
        "reportDir": "cypress/reports/mocha",
        "quite": true,
        "overwrite": false,
        "html": false,
        "json": true
      },
      "version": "5.1.0"
    }
  }
}