{
  "stats": {
    "suites": 1,
    "tests": 1,
    "passes": 0,
    "pending": 0,
    "failures": 1,
    "start": "2020-10-21T21:11:49.024Z",
    "end": "2020-10-21T21:12:12.942Z",
    "duration": 23918,
    "testsRegistered": 1,
    "passPercent": 0,
    "pendingPercent": 0,
    "other": 0,
    "hasOther": false,
    "skipped": 0,
    "hasSkipped": false
  },
  "results": [
    {
      "uuid": "2273a676-3eea-4638-9be5-87d49f947bd1",
      "title": "",
      "fullFile": "cypress\\integration\\Projeto.spec.js",
      "file": "cypress\\integration\\Projeto.spec.js",
      "beforeHooks": [],
      "afterHooks": [],
      "tests": [],
      "suites": [
        {
          "uuid": "998abfa5-857f-411d-b733-9ddc31e5d940",
          "title": "Cadasrar",
          "fullFile": "",
          "file": "",
          "beforeHooks": [],
          "afterHooks": [],
          "tests": [
            {
              "title": "Cadastrar Dados básicos",
              "fullTitle": "Cadasrar Cadastrar Dados básicos",
              "timedOut": null,
              "duration": 20098,
              "state": "failed",
              "speed": null,
              "pass": false,
              "fail": true,
              "pending": false,
              "context": null,
              "code": "cy.get('nav > .nav > li:nth-child(2) > .menu-link').click();\ncy.get('.dropdown-menu-caixa-submenu-2 > .informacoes-wrapper:nth-child(2) .btn').click();\ncy.url().should('contains', 'https://app.bussolasocial.com.br/projeto-novo/cadastro');\ncy.get('#nome').click();\ncy.get('#nome').type('Benedito e Tatiane Assessoria Jurídica ME');\ncy.get('#data_inicial').click();\ncy.get('#data_inicial').type('01/01/2020');\ncy.get('#data_final').type('31/10/2020');\ncy.get('.active:nth-child(7)').click();\ncy.get('.col-md-7 > .form-group > * > .btn-group > .btn > .bs-caret > .bs-caret-container > .fa').click();\ncy.get('.col-md-7 > .form-group > * > .btn-group > .open > .dropdown-menu > .selected > * > .text').click();\ncy.get('.programa .filter-option').click();\ncy.get('.col-xs-12 > .form-group li:nth-child(2) .text').click();\ncy.get('.count-element > .form-control').click();\ncy.get('.count-element > .form-control').type('Benedito e Tatiane Assessoria Jurídica ME');\ncy.get('.hover > .iCheck-helper').click();\ncy.get('.hover > .iCheck-helper').click();\ncy.get('#responsavel\\[nome\\]').click();\ncy.get('#responsavel\\[nome\\]').type('Benedito e Tatiane Assessoria Jurídica ME');\ncy.get('#responsavel\\[email\\]').type('atendimento@beneditoetatianeassessoriajuridicame.com.br');\ncy.get('#responsavel\\[email\\]').click();\ncy.get('.telefone').click();\ncy.get('.telefone').type('(33) 3333-3335');\ncy.get('.bs-placeholder > .filter-option').click();\ncy.get('.m-b-n-xs li:nth-child(2) .text').click();\ncy.get('.btn-lg').click();\ncy.get('#form-projeto-cadastra').submit();\ncy.url().should('contains', 'https://app.bussolasocial.com.br/projeto-novo/6537/cadastro/resumo');",
              "err": {
                "message": "AssertionError: Timed out retrying: Expected to find element: `.hover > .iCheck-helper`, but never found it.",
                "estack": "AssertionError: Timed out retrying: Expected to find element: `.hover > .iCheck-helper`, but never found it.\n    at Context.eval (https://app.bussolasocial.com.br/__cypress/tests?p=cypress\\integration\\Projeto.spec.js:184:8)",
                "diff": null
              },
              "uuid": "630a4045-d77b-40e7-ba98-1a2e39342571",
              "parentUUID": "998abfa5-857f-411d-b733-9ddc31e5d940",
              "isHook": false,
              "skipped": false
            }
          ],
          "suites": [],
          "passes": [],
          "failures": [
            "630a4045-d77b-40e7-ba98-1a2e39342571"
          ],
          "pending": [],
          "skipped": [],
          "duration": 20098,
          "root": false,
          "rootEmpty": false,
          "_timeout": 2000
        }
      ],
      "passes": [],
      "failures": [],
      "pending": [],
      "skipped": [],
      "duration": 0,
      "root": true,
      "rootEmpty": true,
      "_timeout": 2000
    }
  ],
  "meta": {
    "mocha": {
      "version": "7.0.1"
    },
    "mochawesome": {
      "options": {
        "quiet": false,
        "reportFilename": "mochawesome",
        "saveHtml": false,
        "saveJson": true,
        "consoleReporter": "spec",
        "useInlineDiffs": false,
        "code": true
      },
      "version": "6.1.1"
    },
    "marge": {
      "options": {
        "id": "default",
        "reportDir": "cypress/reports/mocha",
        "quite": true,
        "overwrite": false,
        "html": false,
        "json": true
      },
      "version": "5.1.0"
    }
  }
}