{
  "stats": {
    "suites": 1,
    "tests": 3,
    "passes": 2,
    "pending": 0,
    "failures": 1,
    "start": "2020-10-19T01:58:56.926Z",
    "end": "2020-10-19T01:59:05.430Z",
    "duration": 8504,
    "testsRegistered": 3,
    "passPercent": 66.66666666666666,
    "pendingPercent": 0,
    "other": 0,
    "hasOther": false,
    "skipped": 0,
    "hasSkipped": false
  },
  "results": [
    {
      "uuid": "a18896a6-e379-44df-9f98-8687184336a4",
      "title": "",
      "fullFile": "cypress\\integration\\QAM\\TC03_identifyElements.spec.js",
      "file": "cypress\\integration\\QAM\\TC03_identifyElements.spec.js",
      "beforeHooks": [],
      "afterHooks": [],
      "tests": [],
      "suites": [
        {
          "uuid": "f8c5bba8-c2d2-4083-ba14-b2bed4827459",
          "title": "Create and mark-unmark as favorite",
          "fullFile": "",
          "file": "",
          "beforeHooks": [],
          "afterHooks": [],
          "tests": [
            {
              "title": "Sign in",
              "fullTitle": "Create and mark-unmark as favorite Sign in",
              "timedOut": null,
              "duration": 2445,
              "state": "passed",
              "speed": "slow",
              "pass": true,
              "fail": false,
              "pending": false,
              "context": null,
              "code": "cy.visit('https://react-redux.realworld.io/#/login');\ncy.title().should('eq', 'Conduit');\ncy.location('protocol').should('eq', 'https:');\ncy.get('form').within(function ($form) {\n  // cy.get() will only search for elements within form, not within the entire document\n  cy.get('input[type = \"email\"]').type('qamilestone.academy@gmail.com');\n  cy.get('input[type = \"password\"]').type('admin123');\n  cy.root().submit(); // submits the form yielded from 'within'\n});\ncy.contains('Your Feed', {\n  timeout: 10000\n}).should('be.visible');",
              "err": {},
              "uuid": "901ecb28-023c-43b7-877c-4fb1da8ce135",
              "parentUUID": "f8c5bba8-c2d2-4083-ba14-b2bed4827459",
              "isHook": false,
              "skipped": false
            },
            {
              "title": "Create a post",
              "fullTitle": "Create and mark-unmark as favorite Create a post",
              "timedOut": null,
              "duration": 1341,
              "state": "passed",
              "speed": "slow",
              "pass": true,
              "fail": false,
              "pending": false,
              "context": null,
              "code": "cy.get('ul.navbar-nav').children().contains('New Post').click();\ncy.hash().should('include', '#/editor');\ncy.get('form').within(function ($form) {\n  cy.get('input').first().type('Test');\n  cy.get('input').eq(1).type('Test 1');\n  cy.get('textarea').last().type('Test 2');\n  cy.contains('Publish Article').click();\n});\ncy.url().should('include', 'article');",
              "err": {},
              "uuid": "ab6fa523-6075-48c3-bdad-c24de15e398c",
              "parentUUID": "f8c5bba8-c2d2-4083-ba14-b2bed4827459",
              "isHook": false,
              "skipped": false
            },
            {
              "title": "Mark-unmark as favorite",
              "fullTitle": "Create and mark-unmark as favorite Mark-unmark as favorite",
              "timedOut": null,
              "duration": 4642,
              "state": "failed",
              "speed": null,
              "pass": false,
              "fail": true,
              "pending": false,
              "context": null,
              "code": "cy.get('ul.navbar-nav').children().contains('QAMs').click();\ncy.contains('My Articles').should('be.visible');\ncy.get('.ion-heart').first().click();\ncy.contains('Favorited Articles').click();\ncy.url().should('include', 'favorites');\ncy.get('.ion-heart').first().click();\ncy.reload();\ncy.contains('No articles are here... yet.').should('be.visible');\ncy.go('back');",
              "err": {
                "message": "CypressError: Timed out retrying: Expected to find content: 'QAMs' within the element: [ <li.nav-item>, 3 more... ] but never did.",
                "estack": "CypressError: Timed out retrying: Expected to find content: 'QAMs' within the element: [ <li.nav-item>, 3 more... ] but never did.\n    at Object.cypressErr (https://react-redux.realworld.io/__cypress/runner/cypress_runner.js:86207:11)\n    at Object.throwErr (https://react-redux.realworld.io/__cypress/runner/cypress_runner.js:86162:18)\n    at Object.throwErrByPath (https://react-redux.realworld.io/__cypress/runner/cypress_runner.js:86194:17)\n    at retry (https://react-redux.realworld.io/__cypress/runner/cypress_runner.js:76849:16)\n    at onFailFn (https://react-redux.realworld.io/__cypress/runner/cypress_runner.js:65634:16)\n    at tryCatcher (https://react-redux.realworld.io/__cypress/runner/cypress_runner.js:120203:23)\n    at Promise._settlePromiseFromHandler (https://react-redux.realworld.io/__cypress/runner/cypress_runner.js:118139:31)\n    at Promise._settlePromise (https://react-redux.realworld.io/__cypress/runner/cypress_runner.js:118196:18)\n    at Promise._settlePromise0 (https://react-redux.realworld.io/__cypress/runner/cypress_runner.js:118241:10)\n    at Promise._settlePromises (https://react-redux.realworld.io/__cypress/runner/cypress_runner.js:118316:18)\n    at Async../node_modules/bluebird/js/release/async.js.Async._drainQueue (https://react-redux.realworld.io/__cypress/runner/cypress_runner.js:114928:16)\n    at Async../node_modules/bluebird/js/release/async.js.Async._drainQueues (https://react-redux.realworld.io/__cypress/runner/cypress_runner.js:114938:10)\n    at Async.drainQueues (https://react-redux.realworld.io/__cypress/runner/cypress_runner.js:114812:14)",
                "diff": null
              },
              "uuid": "41ef2223-1b6d-4a94-9152-38a5ff6d0f62",
              "parentUUID": "f8c5bba8-c2d2-4083-ba14-b2bed4827459",
              "isHook": false,
              "skipped": false
            }
          ],
          "suites": [],
          "passes": [
            "901ecb28-023c-43b7-877c-4fb1da8ce135",
            "ab6fa523-6075-48c3-bdad-c24de15e398c"
          ],
          "failures": [
            "41ef2223-1b6d-4a94-9152-38a5ff6d0f62"
          ],
          "pending": [],
          "skipped": [],
          "duration": 8428,
          "root": false,
          "rootEmpty": false,
          "_timeout": 2000
        }
      ],
      "passes": [],
      "failures": [],
      "pending": [],
      "skipped": [],
      "duration": 0,
      "root": true,
      "rootEmpty": true,
      "_timeout": 2000
    }
  ],
  "meta": {
    "mocha": {
      "version": "7.2.0"
    },
    "mochawesome": {
      "options": {
        "quiet": false,
        "reportFilename": "mochawesome",
        "saveHtml": false,
        "saveJson": true,
        "consoleReporter": "spec",
        "useInlineDiffs": false,
        "code": true
      },
      "version": "6.1.1"
    },
    "marge": {
      "options": {
        "id": "default",
        "reportDir": "cypress/reports/mocha",
        "quite": true,
        "overwrite": false,
        "html": false,
        "json": true
      },
      "version": "5.1.0"
    }
  }
}