{
  "stats": {
    "suites": 1,
    "tests": 3,
    "passes": 2,
    "pending": 0,
    "failures": 1,
    "start": "2020-10-19T01:59:55.236Z",
    "end": "2020-10-19T02:00:01.569Z",
    "duration": 6333,
    "testsRegistered": 3,
    "passPercent": 66.66666666666666,
    "pendingPercent": 0,
    "other": 0,
    "hasOther": false,
    "skipped": 0,
    "hasSkipped": false
  },
  "results": [
    {
      "uuid": "6c1b3abe-9c01-4cbb-9c78-f1f05d331722",
      "title": "",
      "fullFile": "cypress\\integration\\QAM\\TC08_api.spec.js",
      "file": "cypress\\integration\\QAM\\TC08_api.spec.js",
      "beforeHooks": [],
      "afterHooks": [],
      "tests": [],
      "suites": [
        {
          "uuid": "cca5e10d-601c-4a7f-ad7c-e73dcaa8e9b0",
          "title": "API Testing",
          "fullFile": "",
          "file": "",
          "beforeHooks": [],
          "afterHooks": [],
          "tests": [
            {
              "title": "GET - read",
              "fullTitle": "API Testing GET - read",
              "timedOut": null,
              "duration": 317,
              "state": "passed",
              "speed": "slow",
              "pass": true,
              "fail": false,
              "pending": false,
              "context": null,
              "code": "cy.request('/employees').then(function (response) {\n  expect(response).to.have.property('status', 200);\n  expect(response.body).to.not.be[\"null\"];\n  expect(response.body.data).to.have.length(24);\n});",
              "err": {},
              "uuid": "e8badfb6-ee34-4878-a963-b47c90a433ba",
              "parentUUID": "cca5e10d-601c-4a7f-ad7c-e73dcaa8e9b0",
              "isHook": false,
              "skipped": false
            },
            {
              "title": "POST - create",
              "fullTitle": "API Testing POST - create",
              "timedOut": null,
              "duration": 717,
              "state": "passed",
              "speed": "slow",
              "pass": true,
              "fail": false,
              "pending": false,
              "context": null,
              "code": "var item = {\n  \"name\": \"test\",\n  \"salary\": \"123\",\n  \"age\": \"23\"\n};\ncy.request('POST', '/create', item).its('body').its('data') // .should('deep.eq', item)\n.should('include', {\n  name: 'test'\n});",
              "err": {},
              "uuid": "88efe4b9-f9bc-4ec5-8b29-368a372f819e",
              "parentUUID": "cca5e10d-601c-4a7f-ad7c-e73dcaa8e9b0",
              "isHook": false,
              "skipped": false
            },
            {
              "title": "PUT - update",
              "fullTitle": "API Testing PUT - update",
              "timedOut": null,
              "duration": 5245,
              "state": "failed",
              "speed": null,
              "pass": false,
              "fail": true,
              "pending": false,
              "context": null,
              "code": "var item = {\n  \"name\": \"test1\"\n};\ncy.request({\n  method: 'PUT',\n  url: '/update/1',\n  body: item,\n  failOnStatusCode: false\n}).its('status').should('eq', 401);",
              "err": {
                "message": "CypressError: Timed out retrying: expected 200 to equal 401",
                "estack": "CypressError: Timed out retrying: expected 200 to equal 401\n    at Object.cypressErr (https://react-redux.realworld.io/__cypress/runner/cypress_runner.js:86207:11)\n    at Object.throwErr (https://react-redux.realworld.io/__cypress/runner/cypress_runner.js:86162:18)\n    at Object.throwErrByPath (https://react-redux.realworld.io/__cypress/runner/cypress_runner.js:86194:17)\n    at retry (https://react-redux.realworld.io/__cypress/runner/cypress_runner.js:76849:16)\n    at onFailFn (https://react-redux.realworld.io/__cypress/runner/cypress_runner.js:65634:16)\n    at tryCatcher (https://react-redux.realworld.io/__cypress/runner/cypress_runner.js:120203:23)\n    at Promise._settlePromiseFromHandler (https://react-redux.realworld.io/__cypress/runner/cypress_runner.js:118139:31)\n    at Promise._settlePromise (https://react-redux.realworld.io/__cypress/runner/cypress_runner.js:118196:18)\n    at Promise._settlePromise0 (https://react-redux.realworld.io/__cypress/runner/cypress_runner.js:118241:10)\n    at Promise._settlePromises (https://react-redux.realworld.io/__cypress/runner/cypress_runner.js:118316:18)\n    at Async../node_modules/bluebird/js/release/async.js.Async._drainQueue (https://react-redux.realworld.io/__cypress/runner/cypress_runner.js:114928:16)\n    at Async../node_modules/bluebird/js/release/async.js.Async._drainQueues (https://react-redux.realworld.io/__cypress/runner/cypress_runner.js:114938:10)\n    at Async.drainQueues (https://react-redux.realworld.io/__cypress/runner/cypress_runner.js:114812:14)",
                "diff": null
              },
              "uuid": "b689e5a8-fc6e-45fd-b0df-bf68002999b3",
              "parentUUID": "cca5e10d-601c-4a7f-ad7c-e73dcaa8e9b0",
              "isHook": false,
              "skipped": false
            }
          ],
          "suites": [],
          "passes": [
            "e8badfb6-ee34-4878-a963-b47c90a433ba",
            "88efe4b9-f9bc-4ec5-8b29-368a372f819e"
          ],
          "failures": [
            "b689e5a8-fc6e-45fd-b0df-bf68002999b3"
          ],
          "pending": [],
          "skipped": [],
          "duration": 6279,
          "root": false,
          "rootEmpty": false,
          "_timeout": 2000
        }
      ],
      "passes": [],
      "failures": [],
      "pending": [],
      "skipped": [],
      "duration": 0,
      "root": true,
      "rootEmpty": true,
      "_timeout": 2000
    }
  ],
  "meta": {
    "mocha": {
      "version": "7.2.0"
    },
    "mochawesome": {
      "options": {
        "quiet": false,
        "reportFilename": "mochawesome",
        "saveHtml": false,
        "saveJson": true,
        "consoleReporter": "spec",
        "useInlineDiffs": false,
        "code": true
      },
      "version": "6.1.1"
    },
    "marge": {
      "options": {
        "id": "default",
        "reportDir": "cypress/reports/mocha",
        "quite": true,
        "overwrite": false,
        "html": false,
        "json": true
      },
      "version": "5.1.0"
    }
  }
}