{
  "stats": {
    "suites": 1,
    "tests": 1,
    "passes": 0,
    "pending": 0,
    "failures": 1,
    "start": "2020-10-19T18:38:27.382Z",
    "end": "2020-10-19T18:38:39.169Z",
    "duration": 11787,
    "testsRegistered": 1,
    "passPercent": 0,
    "pendingPercent": 0,
    "other": 0,
    "hasOther": false,
    "skipped": 0,
    "hasSkipped": false
  },
  "results": [
    {
      "uuid": "04c650b9-e9c3-4136-a142-e4611adc70e9",
      "title": "",
      "fullFile": "cypress\\integration\\QAM\\TC07_plugin_uploadFiles.spec.js",
      "file": "cypress\\integration\\QAM\\TC07_plugin_uploadFiles.spec.js",
      "beforeHooks": [],
      "afterHooks": [],
      "tests": [],
      "suites": [
        {
          "uuid": "cac34feb-5884-47ec-9b67-f20e5eea43eb",
          "title": "Working with plugins",
          "fullFile": "",
          "file": "",
          "beforeHooks": [],
          "afterHooks": [],
          "tests": [
            {
              "title": "File upload",
              "fullTitle": "Working with plugins File upload",
              "timedOut": null,
              "duration": 8914,
              "state": "failed",
              "speed": null,
              "pass": false,
              "fail": true,
              "pending": false,
              "context": null,
              "code": "cy.visit('https://cgi-lib.berkeley.edu/ex/fup.html'); // upload file\nvar fileName = 'SampleFile.pdf';\n/* For cypress-file-upload version < 4.0.0\ncy.fixture(fileName).then(fileContent => {\n    cy.get('[type=\"file\"]').upload({ fileContent, fileName, mimeType: 'application/pdf' });\n})*/\n// For cypress-file-upload version > 4.0.0\ncy.get('[type=\"file\"]').attachFile(fileName);\ncy.get('[type=\"submit\"]').click();\ncy.contains(\"You've uploaded a file.  Your notes on the file were:\");",
              "err": {
                "message": "AssertionError: Timed out retrying: Expected to find content: 'You've uploaded a file.  Your notes on the file were:' but never did.",
                "estack": "AssertionError: Timed out retrying: Expected to find content: 'You've uploaded a file.  Your notes on the file were:' but never did.\n    at Context.eval (https://cgi-lib.berkeley.edu/__cypress/tests?p=cypress\\integration\\QAM\\TC07_plugin_uploadFiles.spec.js:112:8)",
                "diff": null
              },
              "uuid": "1ca6a903-f9ab-45b2-9571-aa38a0da4060",
              "parentUUID": "cac34feb-5884-47ec-9b67-f20e5eea43eb",
              "isHook": false,
              "skipped": false
            }
          ],
          "suites": [],
          "passes": [],
          "failures": [
            "1ca6a903-f9ab-45b2-9571-aa38a0da4060"
          ],
          "pending": [],
          "skipped": [],
          "duration": 8914,
          "root": false,
          "rootEmpty": false,
          "_timeout": 2000
        }
      ],
      "passes": [],
      "failures": [],
      "pending": [],
      "skipped": [],
      "duration": 0,
      "root": true,
      "rootEmpty": true,
      "_timeout": 2000
    }
  ],
  "meta": {
    "mocha": {
      "version": "7.0.1"
    },
    "mochawesome": {
      "options": {
        "quiet": false,
        "reportFilename": "mochawesome",
        "saveHtml": true,
        "saveJson": true,
        "consoleReporter": "spec",
        "useInlineDiffs": false,
        "code": true
      },
      "version": "6.1.1"
    },
    "marge": {
      "options": {
        "id": "default",
        "reportDir": "cypress/reports/mocha",
        "quite": true,
        "overwrite": false,
        "html": true,
        "json": true
      },
      "version": "5.1.0"
    }
  }
}